# JRE version: OpenJDK Runtime Environment (11.0.12) (build 11.0.12+0-b1504.28-7817840)
# Java VM: OpenJDK 64-Bit Server VM (11.0.12+0-b1504.28-7817840, mixed mode, tiered, compressed oops, g1 gc, linux-amd64)
Heap:
 garbage-first heap   total 368640K, used 181183K [0x0000000080000000, 0x0000000100000000)
  region size 1024K, 45 young (46080K), 12 survivors (12288K)
 Metaspace       used 129148K, capacity 133638K, committed 133880K, reserved 1165312K
  class space    used 16431K, capacity 18123K, committed 18200K, reserved 1048576K
GC Heap History (20 events):
Event: 10.877 GC heap before
{Heap before GC invocations=13 (full 0):
 garbage-first heap   total 307200K, used 236114K [0x0000000080000000, 0x0000000100000000)
  region size 1024K, 173 young (177152K), 23 survivors (23552K)
 Metaspace       used 97269K, capacity 99615K, committed 99916K, reserved 1136640K
  class space    used 12455K, capacity 13335K, committed 13388K, reserved 1048576K
}
Event: 10.901 GC heap after
{Heap after GC invocations=14 (full 0):
 garbage-first heap   total 307200K, used 97182K [0x0000000080000000, 0x0000000100000000)
  region size 1024K, 16 young (16384K), 16 survivors (16384K)
 Metaspace       used 97269K, capacity 99615K, committed 99916K, reserved 1136640K
  class space    used 12455K, capacity 13335K, committed 13388K, reserved 1048576K
}
Event: 11.221 GC heap before
{Heap before GC invocations=14 (full 0):
 garbage-first heap   total 307200K, used 168862K [0x0000000080000000, 0x0000000100000000)
  region size 1024K, 88 young (90112K), 16 survivors (16384K)
 Metaspace       used 98722K, capacity 100948K, committed 101036K, reserved 1136640K
  class space    used 12626K, capacity 13501K, committed 13516K, reserved 1048576K
}
Event: 11.239 GC heap after
{Heap after GC invocations=15 (full 0):
 garbage-first heap   total 368640K, used 98544K [0x0000000080000000, 0x0000000100000000)
  region size 1024K, 6 young (6144K), 6 survivors (6144K)
 Metaspace       used 98722K, capacity 100948K, committed 101036K, reserved 1136640K
  class space    used 12626K, capacity 13501K, committed 13516K, reserved 1048576K
}
Event: 150.897 GC heap before
{Heap before GC invocations=16 (full 0):
 garbage-first heap   total 368640K, used 273648K [0x0000000080000000, 0x0000000100000000)
  region size 1024K, 178 young (182272K), 6 survivors (6144K)
 Metaspace       used 107362K, capacity 109850K, committed 109944K, reserved 1144832K
  class space    used 13506K, capacity 14456K, committed 14488K, reserved 1048576K
}
Event: 150.927 GC heap after
{Heap after GC invocations=17 (full 0):
 garbage-first heap   total 368640K, used 110328K [0x0000000080000000, 0x0000000100000000)
  region size 1024K, 17 young (17408K), 17 survivors (17408K)
 Metaspace       used 107362K, capacity 109850K, committed 109944K, reserved 1144832K
  class space    used 13506K, capacity 14456K, committed 14488K, reserved 1048576K
}
Event: 303.114 GC heap before
{Heap before GC invocations=18 (full 0):
 garbage-first heap   total 368640K, used 283384K [0x0000000080000000, 0x0000000100000000)
  region size 1024K, 187 young (191488K), 17 survivors (17408K)
 Metaspace       used 108250K, capacity 110863K, committed 111096K, reserved 1146880K
  class space    used 13532K, capacity 14501K, committed 14616K, reserved 1048576K
}
Event: 303.154 GC heap after
{Heap after GC invocations=19 (full 0):
 garbage-first heap   total 368640K, used 107028K [0x0000000080000000, 0x0000000100000000)
  region size 1024K, 4 young (4096K), 4 survivors (4096K)
 Metaspace       used 108250K, capacity 110863K, committed 111096K, reserved 1146880K
  class space    used 13532K, capacity 14501K, committed 14616K, reserved 1048576K
}
Event: 335.295 GC heap before
{Heap before GC invocations=19 (full 0):
 garbage-first heap   total 368640K, used 288276K [0x0000000080000000, 0x0000000100000000)
  region size 1024K, 182 young (186368K), 4 survivors (4096K)
 Metaspace       used 109077K, capacity 111811K, committed 111992K, reserved 1146880K
  class space    used 13613K, capacity 14642K, committed 14744K, reserved 1048576K
}
Event: 335.315 GC heap after
{Heap after GC invocations=20 (full 0):
 garbage-first heap   total 368640K, used 112538K [0x0000000080000000, 0x0000000100000000)
  region size 1024K, 10 young (10240K), 10 survivors (10240K)
 Metaspace       used 109077K, capacity 111811K, committed 111992K, reserved 1146880K
  class space    used 13613K, capacity 14642K, committed 14744K, reserved 1048576K
}
Event: 407.750 GC heap before
{Heap before GC invocations=20 (full 0):
 garbage-first heap   total 368640K, used 292762K [0x0000000080000000, 0x0000000100000000)
  region size 1024K, 187 young (191488K), 10 survivors (10240K)
 Metaspace       used 110367K, capacity 113378K, committed 113528K, reserved 1148928K
  class space    used 13754K, capacity 14868K, committed 15000K, reserved 1048576K
}
Event: 407.775 GC heap after
{Heap after GC invocations=21 (full 0):
 garbage-first heap   total 368640K, used 109873K [0x0000000080000000, 0x0000000100000000)
  region size 1024K, 7 young (7168K), 7 survivors (7168K)
 Metaspace       used 110367K, capacity 113378K, committed 113528K, reserved 1148928K
  class space    used 13754K, capacity 14868K, committed 15000K, reserved 1048576K
}
Event: 408.914 GC heap before
{Heap before GC invocations=21 (full 0):
 garbage-first heap   total 368640K, used 297265K [0x0000000080000000, 0x0000000100000000)
  region size 1024K, 191 young (195584K), 7 survivors (7168K)
 Metaspace       used 110954K, capacity 114005K, committed 114296K, reserved 1148928K
  class space    used 13801K, capacity 14926K, committed 15000K, reserved 1048576K
}
Event: 408.940 GC heap after
{Heap after GC invocations=22 (full 0):
 garbage-first heap   total 368640K, used 123375K [0x0000000080000000, 0x0000000100000000)
  region size 1024K, 20 young (20480K), 20 survivors (20480K)
 Metaspace       used 110954K, capacity 114005K, committed 114296K, reserved 1148928K
  class space    used 13801K, capacity 14926K, committed 15000K, reserved 1048576K
}
Event: 409.674 GC heap before
{Heap before GC invocations=22 (full 0):
 garbage-first heap   total 368640K, used 296431K [0x0000000080000000, 0x0000000100000000)
  region size 1024K, 190 young (194560K), 20 survivors (20480K)
 Metaspace       used 113361K, capacity 116577K, committed 116984K, reserved 1150976K
  class space    used 14115K, capacity 15278K, committed 15384K, reserved 1048576K
}
Event: 409.703 GC heap after
{Heap after GC invocations=23 (full 0):
 garbage-first heap   total 368640K, used 138624K [0x0000000080000000, 0x0000000100000000)
  region size 1024K, 19 young (19456K), 19 survivors (19456K)
 Metaspace       used 113361K, capacity 116577K, committed 116984K, reserved 1150976K
  class space    used 14115K, capacity 15278K, committed 15384K, reserved 1048576K
}
Event: 410.737 GC heap before
{Heap before GC invocations=23 (full 0):
 garbage-first heap   total 368640K, used 296320K [0x0000000080000000, 0x0000000100000000)
  region size 1024K, 174 young (178176K), 19 survivors (19456K)
 Metaspace       used 125781K, capacity 129853K, committed 130168K, reserved 1161216K
  class space    used 15955K, capacity 17525K, committed 17560K, reserved 1048576K
}
Event: 410.755 GC heap after
{Heap after GC invocations=24 (full 0):
 garbage-first heap   total 368640K, used 143781K [0x0000000080000000, 0x0000000100000000)
  region size 1024K, 7 young (7168K), 7 survivors (7168K)
 Metaspace       used 125781K, capacity 129853K, committed 130168K, reserved 1161216K
  class space    used 15955K, capacity 17525K, committed 17560K, reserved 1048576K
}
Event: 648.541 GC heap before
{Heap before GC invocations=24 (full 0):
 garbage-first heap   total 368640K, used 325029K [0x0000000080000000, 0x0000000100000000)
  region size 1024K, 161 young (164864K), 7 survivors (7168K)
 Metaspace       used 129100K, capacity 133566K, committed 133880K, reserved 1165312K
  class space    used 16430K, capacity 18121K, committed 18200K, reserved 1048576K
}
Event: 648.581 GC heap after
{Heap after GC invocations=25 (full 0):
 garbage-first heap   total 368640K, used 149439K [0x0000000080000000, 0x0000000100000000)
  region size 1024K, 12 young (12288K), 12 survivors (12288K)
 Metaspace       used 129100K, capacity 133566K, committed 133880K, reserved 1165312K
  class space    used 16430K, capacity 18121K, committed 18200K, reserved 1048576K
}

